<?xml version="1.0" encoding="UTF-8"?>
<!-- Generated by org.testng.reporters.JUnitXMLReporter -->
<testsuite ignored="0" hostname="DESKTOP-U8C8BK9" failures="0" tests="10" name="Default test" time="209.776" errors="0" timestamp="2021-09-21T11:57:47 IST">
  <testcase classname="mclaren" name="test2" time="0.194"/>
  <testcase classname="mclaren" name="test31" time="0.068"/>
  <testcase classname="mclaren" name="test32" time="0.068"/>
  <testcase classname="mclaren" name="test33" time="10.087"/>
  <testcase classname="mclaren" name="test34" time="20.442"/>
  <testcase classname="mclaren" name="delaydropdown" time="92.011"/>
  <testcase classname="mclaren" name="doubleclick" time="32.146"/>
  <testcase classname="mclaren" name="selectmultpleoption" time="30.222"/>
  <testcase classname="mclaren" name="textverification" time="0.048"/>
  <testcase classname="mclaren" name="iframe" time="15.053"/>
</testsuite> <!-- Default test -->
