<?xml version="1.0" encoding="UTF-8"?>
<testng-results ignored="0" total="10" passed="10" failed="0" skipped="0">
  <reporter-output>
  </reporter-output>
  <suite started-at="2021-09-21T11:54:17 IST" name="Default suite" finished-at="2021-09-21T11:57:47 IST" duration-ms="209776">
    <groups>
    </groups>
    <test started-at="2021-09-21T11:54:17 IST" name="Default test" finished-at="2021-09-21T11:57:47 IST" duration-ms="209776">
      <class name="mclaren">
        <test-method is-config="true" signature="testclass()[pri:0, instance:mclaren@2bfc268b]" started-at="2021-09-21T11:54:17 IST" name="testclass" finished-at="2021-09-21T11:54:26 IST" duration-ms="9331" status="PASS">
          <reporter-output>
          </reporter-output>
        </test-method> <!-- testclass -->
        <test-method signature="test2()[pri:1, instance:mclaren@2bfc268b]" started-at="2021-09-21T11:54:26 IST" name="test2" finished-at="2021-09-21T11:54:26 IST" duration-ms="194" status="PASS">
          <reporter-output>
          </reporter-output>
        </test-method> <!-- test2 -->
        <test-method signature="test31()[pri:2, instance:mclaren@2bfc268b]" started-at="2021-09-21T11:54:26 IST" name="test31" finished-at="2021-09-21T11:54:26 IST" duration-ms="68" status="PASS">
          <reporter-output>
          </reporter-output>
        </test-method> <!-- test31 -->
        <test-method signature="test32()[pri:3, instance:mclaren@2bfc268b]" started-at="2021-09-21T11:54:26 IST" name="test32" finished-at="2021-09-21T11:54:27 IST" duration-ms="68" status="PASS">
          <reporter-output>
          </reporter-output>
        </test-method> <!-- test32 -->
        <test-method signature="test33()[pri:4, instance:mclaren@2bfc268b]" started-at="2021-09-21T11:54:27 IST" name="test33" finished-at="2021-09-21T11:54:37 IST" duration-ms="10087" status="PASS">
          <reporter-output>
          </reporter-output>
        </test-method> <!-- test33 -->
        <test-method signature="test34()[pri:5, instance:mclaren@2bfc268b]" started-at="2021-09-21T11:54:37 IST" name="test34" finished-at="2021-09-21T11:54:57 IST" duration-ms="20442" status="PASS">
          <reporter-output>
          </reporter-output>
        </test-method> <!-- test34 -->
        <test-method signature="delaydropdown()[pri:6, instance:mclaren@2bfc268b]" started-at="2021-09-21T11:54:57 IST" name="delaydropdown" finished-at="2021-09-21T11:56:29 IST" duration-ms="92011" status="PASS">
          <reporter-output>
          </reporter-output>
        </test-method> <!-- delaydropdown -->
        <test-method signature="doubleclick()[pri:7, instance:mclaren@2bfc268b]" started-at="2021-09-21T11:56:29 IST" name="doubleclick" finished-at="2021-09-21T11:57:01 IST" duration-ms="32146" status="PASS">
          <reporter-output>
          </reporter-output>
        </test-method> <!-- doubleclick -->
        <test-method signature="selectmultpleoption()[pri:8, instance:mclaren@2bfc268b]" started-at="2021-09-21T11:57:01 IST" name="selectmultpleoption" finished-at="2021-09-21T11:57:31 IST" duration-ms="30222" status="PASS">
          <reporter-output>
          </reporter-output>
        </test-method> <!-- selectmultpleoption -->
        <test-method signature="textverification()[pri:9, instance:mclaren@2bfc268b]" started-at="2021-09-21T11:57:31 IST" name="textverification" finished-at="2021-09-21T11:57:32 IST" duration-ms="48" status="PASS">
          <reporter-output>
          </reporter-output>
        </test-method> <!-- textverification -->
        <test-method signature="iframe()[pri:10, instance:mclaren@2bfc268b]" started-at="2021-09-21T11:57:32 IST" name="iframe" finished-at="2021-09-21T11:57:47 IST" duration-ms="15053" status="PASS">
          <reporter-output>
          </reporter-output>
        </test-method> <!-- iframe -->
        <test-method is-config="true" signature="test3()[pri:0, instance:mclaren@2bfc268b]" started-at="2021-09-21T11:57:47 IST" name="test3" finished-at="2021-09-21T11:57:47 IST" duration-ms="53" status="PASS">
          <reporter-output>
          </reporter-output>
        </test-method> <!-- test3 -->
      </class> <!-- mclaren -->
    </test> <!-- Default test -->
  </suite> <!-- Default suite -->
</testng-results>
